[ 2016-12-12T10:06:21+08:00 ] ::1 /base/admin.php/Device/lists.html
INFO: [ app_init ] --START--
INFO: Run Behavior\BuildLiteBehavior [ RunTime:0.000022s ]
INFO: [ app_init ] --END-- [ RunTime:0.001953s ]
INFO: [ app_begin ] --START--
INFO: Run Behavior\ReadHtmlCacheBehavior [ RunTime:0.000670s ]
INFO: [ app_begin ] --END-- [ RunTime:0.000723s ]
NOTIC: [2] Declaration of Admin\Controller\DeviceController::lists() should be compatible with Admin\Controller\BaseController::lists($model = NULL, $p = 0, $extend = Array, $return = 0) /Applications/MAMP/htdocs/base/Application/Admin/Controller/DeviceController.class.php 第 11 行.
SQL: SHOW COLUMNS FROM `sys_member` [ RunTime:0.0032s ]
SQL: SELECT `group` FROM `sys_member` WHERE `uid` = 1 LIMIT 1   [ RunTime:0.0008s ]
SQL: SHOW COLUMNS FROM `sys_auth_group` [ RunTime:0.0014s ]
SQL: SELECT `rules` FROM `sys_auth_group` WHERE `id` = 1 LIMIT 1   [ RunTime:0.0006s ]
SQL: SHOW COLUMNS FROM `sys_auth_rule` [ RunTime:0.0016s ]
SQL: SELECT * FROM `sys_auth_rule` WHERE `status` = 1 AND `id` IN ('1','5','21','23','15','20','16','18','19','32','33','37','38','36','39','41','42','40','43','44','45') ORDER BY `order` desc  [ RunTime:0.0011s ]
SQL: SHOW COLUMNS FROM `sys_device` [ RunTime:0.0033s ]
NOTIC: [8] Undefined index: fields /Applications/MAMP/htdocs/base/Application/Admin/Controller/BaseController.class.php 第 305 行.
NOTIC: [8] Undefined index: eq /Applications/MAMP/htdocs/base/Application/Admin/Controller/BaseController.class.php 第 324 行.
SQL: SELECT `id`,`product_id`,`qrcode`,`mac`,`connect_protocol`,`auth_key`,`close_strategy`,`conn_strategy`,`crypt_method`,`auth_ver`,`manu_mac_pos`,`ser_mac_pos`,`create_time`,`update_time`,`status`,`openid`,`bind_time` FROM `sys_device` ORDER BY id desc LIMIT 0,10   [ RunTime:0.0017s ]
SQL: SELECT COUNT(*) AS tp_count FROM `sys_device` LIMIT 1   [ RunTime:0.0004s ]
INFO: [ view_parse ] --START--
INFO: [ template_filter ] --START--
INFO: Run Behavior\ContentReplaceBehavior [ RunTime:0.000547s ]
INFO: [ template_filter ] --END-- [ RunTime:0.000632s ]
NOTIC: [8] Undefined variable: id /Applications/MAMP/htdocs/base/Application/Runtime/Cache/Admin/67aed621a2760375d192d549d42203be.php 第 55 行.
INFO: Run Behavior\ParseTemplateBehavior [ RunTime:0.014823s ]
INFO: [ view_parse ] --END-- [ RunTime:0.014887s ]
INFO: [ view_filter ] --START--
INFO: Run Behavior\WriteHtmlCacheBehavior [ RunTime:0.000558s ]
INFO: [ view_filter ] --END-- [ RunTime:0.000640s ]
INFO: [ app_end ] --START--
INFO: Run Behavior\ShowPageTraceBehavior [ RunTime:0.001016s ]
INFO: [ app_end ] --END-- [ RunTime:0.001103s ]

