[ 2016-12-09T17:42:38+08:00 ] ::1 /base/admin.php/Wx/menu.html
INFO: [ app_init ] --START--
INFO: Run Behavior\BuildLiteBehavior [ RunTime:0.000027s ]
INFO: [ app_init ] --END-- [ RunTime:0.000775s ]
INFO: [ app_begin ] --START--
INFO: Run Behavior\ReadHtmlCacheBehavior [ RunTime:0.000904s ]
INFO: [ app_begin ] --END-- [ RunTime:0.000954s ]
SQL: SHOW COLUMNS FROM `sys_member` [ RunTime:0.0019s ]
SQL: SELECT `group` FROM `sys_member` WHERE `uid` = 1 LIMIT 1   [ RunTime:0.0005s ]
SQL: SHOW COLUMNS FROM `sys_auth_group` [ RunTime:0.0015s ]
SQL: SELECT `rules` FROM `sys_auth_group` WHERE `id` = 1 LIMIT 1   [ RunTime:0.0004s ]
SQL: SHOW COLUMNS FROM `sys_auth_rule` [ RunTime:0.0015s ]
SQL: SELECT * FROM `sys_auth_rule` WHERE `status` = 1 AND `id` IN ('1','5','21','23','15','20','16','18','19','32','33','37','38','36','39','41','42','40','43','44','45') ORDER BY `order` desc  [ RunTime:0.0007s ]
INFO: [ view_parse ] --START--
INFO: [ template_filter ] --START--
INFO: Run Behavior\ContentReplaceBehavior [ RunTime:0.000190s ]
INFO: [ template_filter ] --END-- [ RunTime:0.000237s ]
NOTIC: [8] Array to string conversion /Applications/MAMP/htdocs/base/Application/Runtime/Cache/Admin/3a82fca30017a1ab293e3b36a869a4d9.php 第 21 行.
NOTIC: [8] Use of undefined constant view - assumed 'view' /Applications/MAMP/htdocs/base/Application/Runtime/Cache/Admin/3a82fca30017a1ab293e3b36a869a4d9.php 第 79 行.
NOTIC: [8] Use of undefined constant view - assumed 'view' /Applications/MAMP/htdocs/base/Application/Runtime/Cache/Admin/3a82fca30017a1ab293e3b36a869a4d9.php 第 79 行.
NOTIC: [8] Undefined index: type /Applications/MAMP/htdocs/base/Application/Runtime/Cache/Admin/3a82fca30017a1ab293e3b36a869a4d9.php 第 74 行.
NOTIC: [8] Undefined index: type /Applications/MAMP/htdocs/base/Application/Runtime/Cache/Admin/3a82fca30017a1ab293e3b36a869a4d9.php 第 74 行.
NOTIC: [8] Undefined index: type /Applications/MAMP/htdocs/base/Application/Runtime/Cache/Admin/3a82fca30017a1ab293e3b36a869a4d9.php 第 74 行.
NOTIC: [8] Undefined index: type /Applications/MAMP/htdocs/base/Application/Runtime/Cache/Admin/3a82fca30017a1ab293e3b36a869a4d9.php 第 74 行.
NOTIC: [8] Undefined index: type /Applications/MAMP/htdocs/base/Application/Runtime/Cache/Admin/3a82fca30017a1ab293e3b36a869a4d9.php 第 74 行.
NOTIC: [8] Undefined index: type /Applications/MAMP/htdocs/base/Application/Runtime/Cache/Admin/3a82fca30017a1ab293e3b36a869a4d9.php 第 74 行.
NOTIC: [8] Undefined index: type /Applications/MAMP/htdocs/base/Application/Runtime/Cache/Admin/3a82fca30017a1ab293e3b36a869a4d9.php 第 74 行.
NOTIC: [8] Undefined index: type /Applications/MAMP/htdocs/base/Application/Runtime/Cache/Admin/3a82fca30017a1ab293e3b36a869a4d9.php 第 74 行.
NOTIC: [8] Undefined index: type /Applications/MAMP/htdocs/base/Application/Runtime/Cache/Admin/3a82fca30017a1ab293e3b36a869a4d9.php 第 74 行.
NOTIC: [8] Undefined index: type /Applications/MAMP/htdocs/base/Application/Runtime/Cache/Admin/3a82fca30017a1ab293e3b36a869a4d9.php 第 74 行.
NOTIC: [8] Undefined index: type /Applications/MAMP/htdocs/base/Application/Runtime/Cache/Admin/3a82fca30017a1ab293e3b36a869a4d9.php 第 74 行.
NOTIC: [8] Undefined index: type /Applications/MAMP/htdocs/base/Application/Runtime/Cache/Admin/3a82fca30017a1ab293e3b36a869a4d9.php 第 77 行.
NOTIC: [8] Use of undefined constant view - assumed 'view' /Applications/MAMP/htdocs/base/Application/Runtime/Cache/Admin/3a82fca30017a1ab293e3b36a869a4d9.php 第 98 行.
NOTIC: [8] Undefined index: type /Applications/MAMP/htdocs/base/Application/Runtime/Cache/Admin/3a82fca30017a1ab293e3b36a869a4d9.php 第 98 行.
NOTIC: [8] Use of undefined constant media_id - assumed 'media_id' /Applications/MAMP/htdocs/base/Application/Runtime/Cache/Admin/3a82fca30017a1ab293e3b36a869a4d9.php 第 99 行.
NOTIC: [8] Undefined index: type /Applications/MAMP/htdocs/base/Application/Runtime/Cache/Admin/3a82fca30017a1ab293e3b36a869a4d9.php 第 99 行.
NOTIC: [8] Use of undefined constant view - assumed 'view' /Applications/MAMP/htdocs/base/Application/Runtime/Cache/Admin/3a82fca30017a1ab293e3b36a869a4d9.php 第 98 行.
NOTIC: [8] Undefined index: type /Applications/MAMP/htdocs/base/Application/Runtime/Cache/Admin/3a82fca30017a1ab293e3b36a869a4d9.php 第 98 行.
NOTIC: [8] Use of undefined constant media_id - assumed 'media_id' /Applications/MAMP/htdocs/base/Application/Runtime/Cache/Admin/3a82fca30017a1ab293e3b36a869a4d9.php 第 99 行.
NOTIC: [8] Undefined index: type /Applications/MAMP/htdocs/base/Application/Runtime/Cache/Admin/3a82fca30017a1ab293e3b36a869a4d9.php 第 99 行.
INFO: Run Behavior\ParseTemplateBehavior [ RunTime:0.016139s ]
INFO: [ view_parse ] --END-- [ RunTime:0.016200s ]
INFO: [ view_filter ] --START--
INFO: Run Behavior\WriteHtmlCacheBehavior [ RunTime:0.000423s ]
INFO: [ view_filter ] --END-- [ RunTime:0.000465s ]
INFO: [ app_end ] --START--
INFO: Run Behavior\ShowPageTraceBehavior [ RunTime:0.000839s ]
INFO: [ app_end ] --END-- [ RunTime:0.000916s ]

[ 2016-12-09T17:51:31+08:00 ] ::1 /base/admin.php
INFO: [ app_init ] --START--
INFO: Run Behavior\BuildLiteBehavior [ RunTime:0.000023s ]
INFO: [ app_init ] --END-- [ RunTime:0.000648s ]
INFO: [ app_begin ] --START--
INFO: Run Behavior\ReadHtmlCacheBehavior [ RunTime:0.000612s ]
INFO: [ app_begin ] --END-- [ RunTime:0.000681s ]
INFO: [ view_parse ] --START--
INFO: [ template_filter ] --START--
INFO: Run Behavior\ContentReplaceBehavior [ RunTime:0.000120s ]
INFO: [ template_filter ] --END-- [ RunTime:0.000166s ]
INFO: Run Behavior\ParseTemplateBehavior [ RunTime:0.011170s ]
INFO: [ view_parse ] --END-- [ RunTime:0.011223s ]
INFO: [ view_filter ] --START--
INFO: Run Behavior\WriteHtmlCacheBehavior [ RunTime:0.000382s ]
INFO: [ view_filter ] --END-- [ RunTime:0.000423s ]
INFO: [ app_end ] --START--
INFO: Run Behavior\ShowPageTraceBehavior [ RunTime:0.000641s ]
INFO: [ app_end ] --END-- [ RunTime:0.000681s ]

[ 2016-12-09T17:51:34+08:00 ] ::1 /base/admin.php/Wx/menu.html
INFO: [ app_init ] --START--
INFO: Run Behavior\BuildLiteBehavior [ RunTime:0.000011s ]
INFO: [ app_init ] --END-- [ RunTime:0.000292s ]
INFO: [ app_begin ] --START--
INFO: Run Behavior\ReadHtmlCacheBehavior [ RunTime:0.000365s ]
INFO: [ app_begin ] --END-- [ RunTime:0.000401s ]
INFO: [ view_parse ] --START--
INFO: [ template_filter ] --START--
INFO: Run Behavior\ContentReplaceBehavior [ RunTime:0.000162s ]
INFO: [ template_filter ] --END-- [ RunTime:0.000207s ]
NOTIC: [8] Array to string conversion /Applications/MAMP/htdocs/base/Application/Runtime/Cache/Admin/3a82fca30017a1ab293e3b36a869a4d9.php 第 21 行.
NOTIC: [8] Use of undefined constant view - assumed 'view' /Applications/MAMP/htdocs/base/Application/Runtime/Cache/Admin/3a82fca30017a1ab293e3b36a869a4d9.php 第 79 行.
NOTIC: [8] Use of undefined constant view - assumed 'view' /Applications/MAMP/htdocs/base/Application/Runtime/Cache/Admin/3a82fca30017a1ab293e3b36a869a4d9.php 第 79 行.
NOTIC: [8] Undefined index: type /Applications/MAMP/htdocs/base/Application/Runtime/Cache/Admin/3a82fca30017a1ab293e3b36a869a4d9.php 第 74 行.
NOTIC: [8] Undefined index: type /Applications/MAMP/htdocs/base/Application/Runtime/Cache/Admin/3a82fca30017a1ab293e3b36a869a4d9.php 第 74 行.
NOTIC: [8] Undefined index: type /Applications/MAMP/htdocs/base/Application/Runtime/Cache/Admin/3a82fca30017a1ab293e3b36a869a4d9.php 第 74 行.
NOTIC: [8] Undefined index: type /Applications/MAMP/htdocs/base/Application/Runtime/Cache/Admin/3a82fca30017a1ab293e3b36a869a4d9.php 第 74 行.
NOTIC: [8] Undefined index: type /Applications/MAMP/htdocs/base/Application/Runtime/Cache/Admin/3a82fca30017a1ab293e3b36a869a4d9.php 第 74 行.
NOTIC: [8] Undefined index: type /Applications/MAMP/htdocs/base/Application/Runtime/Cache/Admin/3a82fca30017a1ab293e3b36a869a4d9.php 第 74 行.
NOTIC: [8] Undefined index: type /Applications/MAMP/htdocs/base/Application/Runtime/Cache/Admin/3a82fca30017a1ab293e3b36a869a4d9.php 第 74 行.
NOTIC: [8] Undefined index: type /Applications/MAMP/htdocs/base/Application/Runtime/Cache/Admin/3a82fca30017a1ab293e3b36a869a4d9.php 第 74 行.
NOTIC: [8] Undefined index: type /Applications/MAMP/htdocs/base/Application/Runtime/Cache/Admin/3a82fca30017a1ab293e3b36a869a4d9.php 第 74 行.
NOTIC: [8] Undefined index: type /Applications/MAMP/htdocs/base/Application/Runtime/Cache/Admin/3a82fca30017a1ab293e3b36a869a4d9.php 第 74 行.
NOTIC: [8] Undefined index: type /Applications/MAMP/htdocs/base/Application/Runtime/Cache/Admin/3a82fca30017a1ab293e3b36a869a4d9.php 第 74 行.
NOTIC: [8] Undefined index: type /Applications/MAMP/htdocs/base/Application/Runtime/Cache/Admin/3a82fca30017a1ab293e3b36a869a4d9.php 第 77 行.
NOTIC: [8] Use of undefined constant view - assumed 'view' /Applications/MAMP/htdocs/base/Application/Runtime/Cache/Admin/3a82fca30017a1ab293e3b36a869a4d9.php 第 98 行.
NOTIC: [8] Undefined index: type /Applications/MAMP/htdocs/base/Application/Runtime/Cache/Admin/3a82fca30017a1ab293e3b36a869a4d9.php 第 98 行.
NOTIC: [8] Use of undefined constant media_id - assumed 'media_id' /Applications/MAMP/htdocs/base/Application/Runtime/Cache/Admin/3a82fca30017a1ab293e3b36a869a4d9.php 第 99 行.
NOTIC: [8] Undefined index: type /Applications/MAMP/htdocs/base/Application/Runtime/Cache/Admin/3a82fca30017a1ab293e3b36a869a4d9.php 第 99 行.
NOTIC: [8] Use of undefined constant view - assumed 'view' /Applications/MAMP/htdocs/base/Application/Runtime/Cache/Admin/3a82fca30017a1ab293e3b36a869a4d9.php 第 98 行.
NOTIC: [8] Undefined index: type /Applications/MAMP/htdocs/base/Application/Runtime/Cache/Admin/3a82fca30017a1ab293e3b36a869a4d9.php 第 98 行.
NOTIC: [8] Use of undefined constant media_id - assumed 'media_id' /Applications/MAMP/htdocs/base/Application/Runtime/Cache/Admin/3a82fca30017a1ab293e3b36a869a4d9.php 第 99 行.
NOTIC: [8] Undefined index: type /Applications/MAMP/htdocs/base/Application/Runtime/Cache/Admin/3a82fca30017a1ab293e3b36a869a4d9.php 第 99 行.
INFO: Run Behavior\ParseTemplateBehavior [ RunTime:0.013110s ]
INFO: [ view_parse ] --END-- [ RunTime:0.013164s ]
INFO: [ view_filter ] --START--
INFO: Run Behavior\WriteHtmlCacheBehavior [ RunTime:0.000162s ]
INFO: [ view_filter ] --END-- [ RunTime:0.000192s ]
INFO: [ app_end ] --START--
INFO: Run Behavior\ShowPageTraceBehavior [ RunTime:0.000557s ]
INFO: [ app_end ] --END-- [ RunTime:0.000642s ]

[ 2016-12-09T17:51:45+08:00 ] ::1 /base/admin.php/Wx/menu.html
INFO: [ app_init ] --START--
INFO: Run Behavior\BuildLiteBehavior [ RunTime:0.000023s ]
INFO: [ app_init ] --END-- [ RunTime:0.000414s ]
INFO: [ app_begin ] --START--
INFO: Run Behavior\ReadHtmlCacheBehavior [ RunTime:0.000600s ]
INFO: [ app_begin ] --END-- [ RunTime:0.000654s ]
NOTIC: [8] Undefined index: sub_button /Applications/MAMP/htdocs/base/Application/Admin/Controller/WxController.class.php 第 79 行.
NOTIC: [8] Undefined index: sub_button /Applications/MAMP/htdocs/base/Application/Admin/Controller/WxController.class.php 第 79 行.

[ 2016-12-09T17:51:49+08:00 ] ::1 /base/admin.php/Wx/menu.html
INFO: [ app_init ] --START--
INFO: Run Behavior\BuildLiteBehavior [ RunTime:0.000010s ]
INFO: [ app_init ] --END-- [ RunTime:0.000288s ]
INFO: [ app_begin ] --START--
INFO: Run Behavior\ReadHtmlCacheBehavior [ RunTime:0.000370s ]
INFO: [ app_begin ] --END-- [ RunTime:0.000408s ]
INFO: [ view_parse ] --START--
INFO: [ template_filter ] --START--
INFO: Run Behavior\ContentReplaceBehavior [ RunTime:0.000205s ]
INFO: [ template_filter ] --END-- [ RunTime:0.000259s ]
NOTIC: [8] Array to string conversion /Applications/MAMP/htdocs/base/Application/Runtime/Cache/Admin/3a82fca30017a1ab293e3b36a869a4d9.php 第 21 行.
NOTIC: [8] Use of undefined constant view - assumed 'view' /Applications/MAMP/htdocs/base/Application/Runtime/Cache/Admin/3a82fca30017a1ab293e3b36a869a4d9.php 第 79 行.
NOTIC: [8] Use of undefined constant view - assumed 'view' /Applications/MAMP/htdocs/base/Application/Runtime/Cache/Admin/3a82fca30017a1ab293e3b36a869a4d9.php 第 79 行.
NOTIC: [8] Undefined index: type /Applications/MAMP/htdocs/base/Application/Runtime/Cache/Admin/3a82fca30017a1ab293e3b36a869a4d9.php 第 74 行.
NOTIC: [8] Undefined index: type /Applications/MAMP/htdocs/base/Application/Runtime/Cache/Admin/3a82fca30017a1ab293e3b36a869a4d9.php 第 74 行.
NOTIC: [8] Undefined index: type /Applications/MAMP/htdocs/base/Application/Runtime/Cache/Admin/3a82fca30017a1ab293e3b36a869a4d9.php 第 74 行.
NOTIC: [8] Undefined index: type /Applications/MAMP/htdocs/base/Application/Runtime/Cache/Admin/3a82fca30017a1ab293e3b36a869a4d9.php 第 74 行.
NOTIC: [8] Undefined index: type /Applications/MAMP/htdocs/base/Application/Runtime/Cache/Admin/3a82fca30017a1ab293e3b36a869a4d9.php 第 74 行.
NOTIC: [8] Undefined index: type /Applications/MAMP/htdocs/base/Application/Runtime/Cache/Admin/3a82fca30017a1ab293e3b36a869a4d9.php 第 74 行.
NOTIC: [8] Undefined index: type /Applications/MAMP/htdocs/base/Application/Runtime/Cache/Admin/3a82fca30017a1ab293e3b36a869a4d9.php 第 74 行.
NOTIC: [8] Undefined index: type /Applications/MAMP/htdocs/base/Application/Runtime/Cache/Admin/3a82fca30017a1ab293e3b36a869a4d9.php 第 74 行.
NOTIC: [8] Undefined index: type /Applications/MAMP/htdocs/base/Application/Runtime/Cache/Admin/3a82fca30017a1ab293e3b36a869a4d9.php 第 74 行.
NOTIC: [8] Undefined index: type /Applications/MAMP/htdocs/base/Application/Runtime/Cache/Admin/3a82fca30017a1ab293e3b36a869a4d9.php 第 74 行.
NOTIC: [8] Undefined index: type /Applications/MAMP/htdocs/base/Application/Runtime/Cache/Admin/3a82fca30017a1ab293e3b36a869a4d9.php 第 74 行.
NOTIC: [8] Undefined index: type /Applications/MAMP/htdocs/base/Application/Runtime/Cache/Admin/3a82fca30017a1ab293e3b36a869a4d9.php 第 77 行.
NOTIC: [8] Use of undefined constant view - assumed 'view' /Applications/MAMP/htdocs/base/Application/Runtime/Cache/Admin/3a82fca30017a1ab293e3b36a869a4d9.php 第 98 行.
NOTIC: [8] Undefined index: type /Applications/MAMP/htdocs/base/Application/Runtime/Cache/Admin/3a82fca30017a1ab293e3b36a869a4d9.php 第 98 行.
NOTIC: [8] Use of undefined constant media_id - assumed 'media_id' /Applications/MAMP/htdocs/base/Application/Runtime/Cache/Admin/3a82fca30017a1ab293e3b36a869a4d9.php 第 99 行.
NOTIC: [8] Undefined index: type /Applications/MAMP/htdocs/base/Application/Runtime/Cache/Admin/3a82fca30017a1ab293e3b36a869a4d9.php 第 99 行.
NOTIC: [8] Use of undefined constant view - assumed 'view' /Applications/MAMP/htdocs/base/Application/Runtime/Cache/Admin/3a82fca30017a1ab293e3b36a869a4d9.php 第 98 行.
NOTIC: [8] Undefined index: type /Applications/MAMP/htdocs/base/Application/Runtime/Cache/Admin/3a82fca30017a1ab293e3b36a869a4d9.php 第 98 行.
NOTIC: [8] Use of undefined constant media_id - assumed 'media_id' /Applications/MAMP/htdocs/base/Application/Runtime/Cache/Admin/3a82fca30017a1ab293e3b36a869a4d9.php 第 99 行.
NOTIC: [8] Undefined index: type /Applications/MAMP/htdocs/base/Application/Runtime/Cache/Admin/3a82fca30017a1ab293e3b36a869a4d9.php 第 99 行.
INFO: Run Behavior\ParseTemplateBehavior [ RunTime:0.013503s ]
INFO: [ view_parse ] --END-- [ RunTime:0.013547s ]
INFO: [ view_filter ] --START--
INFO: Run Behavior\WriteHtmlCacheBehavior [ RunTime:0.000152s ]
INFO: [ view_filter ] --END-- [ RunTime:0.000180s ]
INFO: [ app_end ] --START--
INFO: Run Behavior\ShowPageTraceBehavior [ RunTime:0.000521s ]
INFO: [ app_end ] --END-- [ RunTime:0.000590s ]

[ 2016-12-09T18:54:47+08:00 ] ::1 /base/admin.php/Config/clear.html
INFO: [ app_init ] --START--
INFO: Run Behavior\BuildLiteBehavior [ RunTime:0.000011s ]
INFO: [ app_init ] --END-- [ RunTime:0.000305s ]
INFO: [ app_begin ] --START--
INFO: Run Behavior\ReadHtmlCacheBehavior [ RunTime:0.000421s ]
INFO: [ app_begin ] --END-- [ RunTime:0.000467s ]
NOTIC: [2] Declaration of Admin\Controller\ConfigController::lists() should be compatible with Admin\Controller\BaseController::lists($model = NULL, $p = 0, $extend = Array, $return = 0) /Applications/MAMP/htdocs/base/Application/Admin/Controller/ConfigController.class.php 第 11 行.
INFO: [ app_end ] --START--
INFO: Run Behavior\ShowPageTraceBehavior [ RunTime:0.000808s ]
INFO: [ app_end ] --END-- [ RunTime:0.000868s ]

[ 2016-12-09T18:54:51+08:00 ] ::1 /base/admin.php/Wx/menu.html
INFO: [ app_init ] --START--
INFO: Run Behavior\BuildLiteBehavior [ RunTime:0.000018s ]
INFO: [ app_init ] --END-- [ RunTime:0.000476s ]
INFO: [ app_begin ] --START--
INFO: Run Behavior\ReadHtmlCacheBehavior [ RunTime:0.000647s ]
INFO: [ app_begin ] --END-- [ RunTime:0.000728s ]
SQL: SHOW COLUMNS FROM `sys_member` [ RunTime:0.0027s ]
SQL: SELECT `group` FROM `sys_member` WHERE `uid` = 1 LIMIT 1   [ RunTime:0.0009s ]
SQL: SHOW COLUMNS FROM `sys_auth_group` [ RunTime:0.0026s ]
SQL: SELECT `rules` FROM `sys_auth_group` WHERE `id` = 1 LIMIT 1   [ RunTime:0.0005s ]
SQL: SHOW COLUMNS FROM `sys_auth_rule` [ RunTime:0.0022s ]
SQL: SELECT * FROM `sys_auth_rule` WHERE `status` = 1 AND `id` IN ('1','5','21','23','15','20','16','18','19','32','33','37','38','36','39','41','42','40','43','44','45') ORDER BY `order` desc  [ RunTime:0.0008s ]
SQL: SHOW COLUMNS FROM `sys_config` [ RunTime:0.0016s ]
SQL: SELECT `name`,`value` FROM `sys_config`  [ RunTime:0.0004s ]
INFO: [ view_parse ] --START--
INFO: [ template_filter ] --START--
INFO: Run Behavior\ContentReplaceBehavior [ RunTime:0.000175s ]
INFO: [ template_filter ] --END-- [ RunTime:0.000229s ]
NOTIC: [8] Array to string conversion /Applications/MAMP/htdocs/base/Application/Runtime/Cache/Admin/3a82fca30017a1ab293e3b36a869a4d9.php 第 21 行.
NOTIC: [8] Use of undefined constant view - assumed 'view' /Applications/MAMP/htdocs/base/Application/Runtime/Cache/Admin/3a82fca30017a1ab293e3b36a869a4d9.php 第 79 行.
NOTIC: [8] Use of undefined constant view - assumed 'view' /Applications/MAMP/htdocs/base/Application/Runtime/Cache/Admin/3a82fca30017a1ab293e3b36a869a4d9.php 第 79 行.
NOTIC: [8] Undefined index: type /Applications/MAMP/htdocs/base/Application/Runtime/Cache/Admin/3a82fca30017a1ab293e3b36a869a4d9.php 第 74 行.
NOTIC: [8] Undefined index: type /Applications/MAMP/htdocs/base/Application/Runtime/Cache/Admin/3a82fca30017a1ab293e3b36a869a4d9.php 第 74 行.
NOTIC: [8] Undefined index: type /Applications/MAMP/htdocs/base/Application/Runtime/Cache/Admin/3a82fca30017a1ab293e3b36a869a4d9.php 第 74 行.
NOTIC: [8] Undefined index: type /Applications/MAMP/htdocs/base/Application/Runtime/Cache/Admin/3a82fca30017a1ab293e3b36a869a4d9.php 第 74 行.
NOTIC: [8] Undefined index: type /Applications/MAMP/htdocs/base/Application/Runtime/Cache/Admin/3a82fca30017a1ab293e3b36a869a4d9.php 第 74 行.
NOTIC: [8] Undefined index: type /Applications/MAMP/htdocs/base/Application/Runtime/Cache/Admin/3a82fca30017a1ab293e3b36a869a4d9.php 第 74 行.
NOTIC: [8] Undefined index: type /Applications/MAMP/htdocs/base/Application/Runtime/Cache/Admin/3a82fca30017a1ab293e3b36a869a4d9.php 第 74 行.
NOTIC: [8] Undefined index: type /Applications/MAMP/htdocs/base/Application/Runtime/Cache/Admin/3a82fca30017a1ab293e3b36a869a4d9.php 第 74 行.
NOTIC: [8] Undefined index: type /Applications/MAMP/htdocs/base/Application/Runtime/Cache/Admin/3a82fca30017a1ab293e3b36a869a4d9.php 第 74 行.
NOTIC: [8] Undefined index: type /Applications/MAMP/htdocs/base/Application/Runtime/Cache/Admin/3a82fca30017a1ab293e3b36a869a4d9.php 第 74 行.
NOTIC: [8] Undefined index: type /Applications/MAMP/htdocs/base/Application/Runtime/Cache/Admin/3a82fca30017a1ab293e3b36a869a4d9.php 第 74 行.
NOTIC: [8] Undefined index: type /Applications/MAMP/htdocs/base/Application/Runtime/Cache/Admin/3a82fca30017a1ab293e3b36a869a4d9.php 第 77 行.
NOTIC: [8] Use of undefined constant view - assumed 'view' /Applications/MAMP/htdocs/base/Application/Runtime/Cache/Admin/3a82fca30017a1ab293e3b36a869a4d9.php 第 98 行.
NOTIC: [8] Undefined index: type /Applications/MAMP/htdocs/base/Application/Runtime/Cache/Admin/3a82fca30017a1ab293e3b36a869a4d9.php 第 98 行.
NOTIC: [8] Use of undefined constant media_id - assumed 'media_id' /Applications/MAMP/htdocs/base/Application/Runtime/Cache/Admin/3a82fca30017a1ab293e3b36a869a4d9.php 第 99 行.
NOTIC: [8] Undefined index: type /Applications/MAMP/htdocs/base/Application/Runtime/Cache/Admin/3a82fca30017a1ab293e3b36a869a4d9.php 第 99 行.
NOTIC: [8] Use of undefined constant view - assumed 'view' /Applications/MAMP/htdocs/base/Application/Runtime/Cache/Admin/3a82fca30017a1ab293e3b36a869a4d9.php 第 98 行.
NOTIC: [8] Undefined index: type /Applications/MAMP/htdocs/base/Application/Runtime/Cache/Admin/3a82fca30017a1ab293e3b36a869a4d9.php 第 98 行.
NOTIC: [8] Use of undefined constant media_id - assumed 'media_id' /Applications/MAMP/htdocs/base/Application/Runtime/Cache/Admin/3a82fca30017a1ab293e3b36a869a4d9.php 第 99 行.
NOTIC: [8] Undefined index: type /Applications/MAMP/htdocs/base/Application/Runtime/Cache/Admin/3a82fca30017a1ab293e3b36a869a4d9.php 第 99 行.
INFO: Run Behavior\ParseTemplateBehavior [ RunTime:0.014707s ]
INFO: [ view_parse ] --END-- [ RunTime:0.014751s ]
INFO: [ view_filter ] --START--
INFO: Run Behavior\WriteHtmlCacheBehavior [ RunTime:0.000361s ]
INFO: [ view_filter ] --END-- [ RunTime:0.000399s ]
INFO: [ app_end ] --START--
INFO: Run Behavior\ShowPageTraceBehavior [ RunTime:0.000555s ]
INFO: [ app_end ] --END-- [ RunTime:0.000622s ]

[ 2016-12-09T23:09:43+08:00 ] ::1 /base/admin.php
INFO: [ app_init ] --START--
INFO: Run Behavior\BuildLiteBehavior [ RunTime:0.000015s ]
INFO: [ app_init ] --END-- [ RunTime:0.000524s ]
INFO: [ app_begin ] --START--
INFO: Run Behavior\ReadHtmlCacheBehavior [ RunTime:0.000638s ]
INFO: [ app_begin ] --END-- [ RunTime:0.000693s ]
SQL: SHOW COLUMNS FROM `sys_member` [ RunTime:0.0026s ]
SQL: SELECT `group` FROM `sys_member` WHERE `uid` = 1 LIMIT 1   [ RunTime:0.0005s ]
SQL: SHOW COLUMNS FROM `sys_auth_group` [ RunTime:0.0013s ]
SQL: SELECT `rules` FROM `sys_auth_group` WHERE `id` = 1 LIMIT 1   [ RunTime:0.0005s ]
SQL: SHOW COLUMNS FROM `sys_auth_rule` [ RunTime:0.0020s ]
SQL: SELECT * FROM `sys_auth_rule` WHERE `status` = 1 AND `id` IN ('1','5','21','23','15','20','16','18','19','32','33','37','38','36','39','41','42','40','43','44','45') ORDER BY `order` desc  [ RunTime:0.0010s ]
INFO: [ view_parse ] --START--
INFO: [ template_filter ] --START--
INFO: Run Behavior\ContentReplaceBehavior [ RunTime:0.000126s ]
INFO: [ template_filter ] --END-- [ RunTime:0.000182s ]
INFO: Run Behavior\ParseTemplateBehavior [ RunTime:0.011674s ]
INFO: [ view_parse ] --END-- [ RunTime:0.011738s ]
INFO: [ view_filter ] --START--
INFO: Run Behavior\WriteHtmlCacheBehavior [ RunTime:0.000372s ]
INFO: [ view_filter ] --END-- [ RunTime:0.000411s ]
INFO: [ app_end ] --START--
INFO: Run Behavior\ShowPageTraceBehavior [ RunTime:0.000642s ]
INFO: [ app_end ] --END-- [ RunTime:0.000683s ]

